# JRE version: Java(TM) SE Runtime Environment (17.0.11+7) (build 17.0.11+7-LTS-207)
# Java VM: Java HotSpot(TM) 64-Bit Server VM (17.0.11+7-LTS-207, mixed mode, sharing, tiered, compressed oops, compressed class ptrs, g1 gc, windows-amd64)
GC Precious Log:
 CPUs: 4 total, 4 available
 Memory: 6078M
 Large Page Support: Disabled
 NUMA Support: Disabled
 Compressed Oops: Enabled (Zero based)
 Heap Region Size: 2M
 Heap Min Capacity: 8M
 Heap Initial Capacity: 96M
 Heap Max Capacity: 4G
 Pre-touch: Disabled
 Parallel Workers: 4
 Concurrent Workers: 1
 Concurrent Refinement Workers: 4
 Periodic GC: Disabled
Heap:
 garbage-first heap   total 399360K, used 308433K [0x0000000700000000, 0x0000000800000000)
  region size 2048K, 28 young (57344K), 5 survivors (10240K)
 Metaspace       used 112931K, committed 114944K, reserved 557056K
  class space    used 15726K, committed 16704K, reserved 425984K
GC Heap History (20 events):
Event: 113.588 GC heap before
{Heap before GC invocations=60 (full 0):
 garbage-first heap   total 331776K, used 268557K [0x0000000700000000, 0x0000000800000000)
  region size 2048K, 31 young (63488K), 3 survivors (6144K)
 Metaspace       used 110745K, committed 112448K, reserved 557056K
  class space    used 15376K, committed 16192K, reserved 425984K
}
Event: 113.599 GC heap after
{Heap after GC invocations=61 (full 0):
 garbage-first heap   total 331776K, used 214760K [0x0000000700000000, 0x0000000800000000)
  region size 2048K, 3 young (6144K), 3 survivors (6144K)
 Metaspace       used 110745K, committed 112448K, reserved 557056K
  class space    used 15376K, committed 16192K, reserved 425984K
}
Event: 119.401 GC heap before
{Heap before GC invocations=61 (full 0):
 garbage-first heap   total 331776K, used 270056K [0x0000000700000000, 0x0000000800000000)
  region size 2048K, 31 young (63488K), 3 survivors (6144K)
 Metaspace       used 111529K, committed 113344K, reserved 557056K
  class space    used 15513K, committed 16384K, reserved 425984K
}
Event: 119.420 GC heap after
{Heap after GC invocations=62 (full 0):
 garbage-first heap   total 331776K, used 225442K [0x0000000700000000, 0x0000000800000000)
  region size 2048K, 4 young (8192K), 4 survivors (8192K)
 Metaspace       used 111529K, committed 113344K, reserved 557056K
  class space    used 15513K, committed 16384K, reserved 425984K
}
Event: 122.288 GC heap before
{Heap before GC invocations=62 (full 0):
 garbage-first heap   total 331776K, used 268450K [0x0000000700000000, 0x0000000800000000)
  region size 2048K, 25 young (51200K), 4 survivors (8192K)
 Metaspace       used 112328K, committed 114240K, reserved 557056K
  class space    used 15632K, committed 16512K, reserved 425984K
}
Event: 122.315 GC heap after
{Heap after GC invocations=63 (full 0):
 garbage-first heap   total 331776K, used 233005K [0x0000000700000000, 0x0000000800000000)
  region size 2048K, 4 young (8192K), 4 survivors (8192K)
 Metaspace       used 112328K, committed 114240K, reserved 557056K
  class space    used 15632K, committed 16512K, reserved 425984K
}
Event: 124.136 GC heap before
{Heap before GC invocations=63 (full 0):
 garbage-first heap   total 331776K, used 271917K [0x0000000700000000, 0x0000000800000000)
  region size 2048K, 24 young (49152K), 4 survivors (8192K)
 Metaspace       used 112495K, committed 114432K, reserved 557056K
  class space    used 15643K, committed 16576K, reserved 425984K
}
Event: 124.169 GC heap after
{Heap after GC invocations=64 (full 0):
 garbage-first heap   total 331776K, used 240706K [0x0000000700000000, 0x0000000800000000)
  region size 2048K, 3 young (6144K), 3 survivors (6144K)
 Metaspace       used 112495K, committed 114432K, reserved 557056K
  class space    used 15643K, committed 16576K, reserved 425984K
}
Event: 125.178 GC heap before
{Heap before GC invocations=64 (full 0):
 garbage-first heap   total 331776K, used 275522K [0x0000000700000000, 0x0000000800000000)
  region size 2048K, 21 young (43008K), 3 survivors (6144K)
 Metaspace       used 112497K, committed 114432K, reserved 557056K
  class space    used 15643K, committed 16576K, reserved 425984K
}
Event: 125.200 GC heap after
{Heap after GC invocations=65 (full 0):
 garbage-first heap   total 331776K, used 244407K [0x0000000700000000, 0x0000000800000000)
  region size 2048K, 3 young (6144K), 3 survivors (6144K)
 Metaspace       used 112497K, committed 114432K, reserved 557056K
  class space    used 15643K, committed 16576K, reserved 425984K
}
Event: 126.403 GC heap before
{Heap before GC invocations=65 (full 0):
 garbage-first heap   total 331776K, used 279223K [0x0000000700000000, 0x0000000800000000)
  region size 2048K, 20 young (40960K), 3 survivors (6144K)
 Metaspace       used 112497K, committed 114432K, reserved 557056K
  class space    used 15643K, committed 16576K, reserved 425984K
}
Event: 126.411 GC heap after
{Heap after GC invocations=66 (full 0):
 garbage-first heap   total 331776K, used 245345K [0x0000000700000000, 0x0000000800000000)
  region size 2048K, 3 young (6144K), 3 survivors (6144K)
 Metaspace       used 112497K, committed 114432K, reserved 557056K
  class space    used 15643K, committed 16576K, reserved 425984K
}
Event: 126.964 GC heap before
{Heap before GC invocations=66 (full 0):
 garbage-first heap   total 331776K, used 278113K [0x0000000700000000, 0x0000000800000000)
  region size 2048K, 19 young (38912K), 3 survivors (6144K)
 Metaspace       used 112497K, committed 114432K, reserved 557056K
  class space    used 15643K, committed 16576K, reserved 425984K
}
Event: 126.972 GC heap after
{Heap after GC invocations=67 (full 0):
 garbage-first heap   total 331776K, used 246548K [0x0000000700000000, 0x0000000800000000)
  region size 2048K, 3 young (6144K), 3 survivors (6144K)
 Metaspace       used 112497K, committed 114432K, reserved 557056K
  class space    used 15643K, committed 16576K, reserved 425984K
}
Event: 127.483 GC heap before
{Heap before GC invocations=67 (full 0):
 garbage-first heap   total 331776K, used 279316K [0x0000000700000000, 0x0000000800000000)
  region size 2048K, 19 young (38912K), 3 survivors (6144K)
 Metaspace       used 112497K, committed 114432K, reserved 557056K
  class space    used 15643K, committed 16576K, reserved 425984K
}
Event: 127.490 GC heap after
{Heap after GC invocations=68 (full 0):
 garbage-first heap   total 331776K, used 247601K [0x0000000700000000, 0x0000000800000000)
  region size 2048K, 3 young (6144K), 3 survivors (6144K)
 Metaspace       used 112497K, committed 114432K, reserved 557056K
  class space    used 15643K, committed 16576K, reserved 425984K
}
Event: 128.289 GC heap before
{Heap before GC invocations=68 (full 0):
 garbage-first heap   total 331776K, used 278321K [0x0000000700000000, 0x0000000800000000)
  region size 2048K, 19 young (38912K), 3 survivors (6144K)
 Metaspace       used 112681K, committed 114560K, reserved 557056K
  class space    used 15675K, committed 16576K, reserved 425984K
}
Event: 128.304 GC heap after
{Heap after GC invocations=69 (full 0):
 garbage-first heap   total 399360K, used 254085K [0x0000000700000000, 0x0000000800000000)
  region size 2048K, 3 young (6144K), 3 survivors (6144K)
 Metaspace       used 112681K, committed 114560K, reserved 557056K
  class space    used 15675K, committed 16576K, reserved 425984K
}
Event: 130.810 GC heap before
{Heap before GC invocations=69 (full 0):
 garbage-first heap   total 399360K, used 327813K [0x0000000700000000, 0x0000000800000000)
  region size 2048K, 39 young (79872K), 3 survivors (6144K)
 Metaspace       used 112931K, committed 114944K, reserved 557056K
  class space    used 15726K, committed 16704K, reserved 425984K
}
Event: 130.827 GC heap after
{Heap after GC invocations=70 (full 0):
 garbage-first heap   total 399360K, used 265425K [0x0000000700000000, 0x0000000800000000)
  region size 2048K, 5 young (10240K), 5 survivors (10240K)
 Metaspace       used 112931K, committed 114944K, reserved 557056K
  class space    used 15726K, committed 16704K, reserved 425984K
}

